{"/Volumes/Trevor/Users/billy/Documents/TheWayward/framerMotion/motion-3d/src/index.ts": {"path":"/Volumes/Trevor/Users/billy/Documents/TheWayward/framerMotion/motion-3d/src/index.ts","statementMap":{"0":{"start":{"line":3,"column":0},"end":{"line":3,"column":9}},"1":{"start":{"line":3,"column":9},"end":{"line":3,"column":40}},"2":{"start":{"line":4,"column":0},"end":{"line":4,"column":9}},"3":{"start":{"line":4,"column":9},"end":{"line":4,"column":75}},"4":{"start":{"line":5,"column":0},"end":{"line":5,"column":9}},"5":{"start":{"line":5,"column":9},"end":{"line":5,"column":56}},"6":{"start":{"line":6,"column":0},"end":{"line":6,"column":9}},"7":{"start":{"line":6,"column":9},"end":{"line":6,"column":80}},"8":{"start":{"line":7,"column":0},"end":{"line":7,"column":9}},"9":{"start":{"line":7,"column":9},"end":{"line":7,"column":42}}},"fnMap":{"0":{"name":"(anonymous_0)","decl":{"start":{"line":3,"column":9},"end":{"line":3,"column":15}},"loc":{"start":{"line":3,"column":9},"end":{"line":3,"column":40}}},"1":{"name":"(anonymous_1)","decl":{"start":{"line":4,"column":9},"end":{"line":4,"column":21}},"loc":{"start":{"line":4,"column":9},"end":{"line":4,"column":75}}},"2":{"name":"(anonymous_2)","decl":{"start":{"line":5,"column":9},"end":{"line":5,"column":21}},"loc":{"start":{"line":5,"column":9},"end":{"line":5,"column":56}}},"3":{"name":"(anonymous_3)","decl":{"start":{"line":6,"column":9},"end":{"line":6,"column":33}},"loc":{"start":{"line":6,"column":9},"end":{"line":6,"column":80}}},"4":{"name":"(anonymous_4)","decl":{"start":{"line":7,"column":9},"end":{"line":7,"column":16}},"loc":{"start":{"line":7,"column":9},"end":{"line":7,"column":42}}}},"branchMap":{},"s":{"0":0,"1":0,"2":0,"3":0,"4":0,"5":0,"6":0,"7":0,"8":0,"9":0},"f":{"0":0,"1":0,"2":0,"3":0,"4":0},"b":{}}
,"/Volumes/Trevor/Users/billy/Documents/TheWayward/framerMotion/motion-3d/src/components/LayoutCamera.tsx": {"path":"/Volumes/Trevor/Users/billy/Documents/TheWayward/framerMotion/motion-3d/src/components/LayoutCamera.tsx","statementMap":{"0":{"start":{"line":1,"column":0},"end":{"line":1,"column":31}},"1":{"start":{"line":3,"column":0},"end":{"line":3,"column":67}},"2":{"start":{"line":4,"column":0},"end":{"line":4,"column":45}},"3":{"start":{"line":6,"column":0},"end":{"line":6,"column":42}},"4":{"start":{"line":7,"column":0},"end":{"line":7,"column":54}},"5":{"start":{"line":9,"column":0},"end":{"line":9,"column":44}},"6":{"start":{"line":11,"column":0},"end":{"line":11,"column":53}},"7":{"start":{"line":20,"column":13},"end":{"line":39,"column":3}},"8":{"start":{"line":21,"column":24},"end":{"line":30,"column":null}},"9":{"start":{"line":24,"column":31},"end":{"line":24,"column":40}},"10":{"start":{"line":26,"column":6},"end":{"line":29,"column":7}},"11":{"start":{"line":27,"column":8},"end":{"line":27,"column":46}},"12":{"start":{"line":28,"column":8},"end":{"line":28,"column":37}},"13":{"start":{"line":33,"column":2},"end":{"line":38,"column":4}}},"fnMap":{"0":{"name":"(anonymous_0)","decl":{"start":{"line":20,"column":45},"end":{"line":20,"column":46}},"loc":{"start":{"line":20,"column":67},"end":{"line":39,"column":1}}},"1":{"name":"(anonymous_1)","decl":{"start":{"line":23,"column":4},"end":{"line":23,"column":5}},"loc":{"start":{"line":23,"column":13},"end":{"line":30,"column":5}}}},"branchMap":{"0":{"loc":{"start":{"line":26,"column":6},"end":{"line":29,"column":7}},"type":"if","locations":[{"start":{"line":26,"column":6},"end":{"line":29,"column":7}},{"start":{},"end":{}}]},"1":{"loc":{"start":{"line":26,"column":10},"end":{"line":26,"column":30}},"type":"binary-expr","locations":[{"start":{"line":26,"column":10},"end":{"line":26,"column":13}},{"start":{"line":26,"column":17},"end":{"line":26,"column":30}}]}},"s":{"0":0,"1":0,"2":0,"3":0,"4":0,"5":0,"6":0,"7":0,"8":0,"9":0,"10":0,"11":0,"12":0,"13":0},"f":{"0":0,"1":0},"b":{"0":[0,0],"1":[0,0]}}
,"/Volumes/Trevor/Users/billy/Documents/TheWayward/framerMotion/motion-3d/src/components/LayoutOrthographicCamera.tsx": {"path":"/Volumes/Trevor/Users/billy/Documents/TheWayward/framerMotion/motion-3d/src/components/LayoutOrthographicCamera.tsx","statementMap":{"0":{"start":{"line":1,"column":0},"end":{"line":1,"column":31}},"1":{"start":{"line":3,"column":0},"end":{"line":3,"column":69}},"2":{"start":{"line":4,"column":0},"end":{"line":4,"column":45}},"3":{"start":{"line":5,"column":0},"end":{"line":5,"column":42}},"4":{"start":{"line":7,"column":0},"end":{"line":7,"column":54}},"5":{"start":{"line":9,"column":0},"end":{"line":9,"column":44}},"6":{"start":{"line":11,"column":0},"end":{"line":11,"column":55}},"7":{"start":{"line":17,"column":13},"end":{"line":45,"column":2}},"8":{"start":{"line":19,"column":32},"end":{"line":31,"column":null}},"9":{"start":{"line":22,"column":33},"end":{"line":22,"column":42}},"10":{"start":{"line":24,"column":8},"end":{"line":30,"column":9}},"11":{"start":{"line":25,"column":10},"end":{"line":25,"column":40}},"12":{"start":{"line":26,"column":10},"end":{"line":26,"column":40}},"13":{"start":{"line":27,"column":10},"end":{"line":27,"column":39}},"14":{"start":{"line":28,"column":10},"end":{"line":28,"column":43}},"15":{"start":{"line":29,"column":10},"end":{"line":29,"column":39}},"16":{"start":{"line":34,"column":4},"end":{"line":43,"column":6}}},"fnMap":{"0":{"name":"(anonymous_0)","decl":{"start":{"line":18,"column":2},"end":{"line":18,"column":3}},"loc":{"start":{"line":18,"column":24},"end":{"line":44,"column":3}}},"1":{"name":"(anonymous_1)","decl":{"start":{"line":21,"column":6},"end":{"line":21,"column":7}},"loc":{"start":{"line":21,"column":18},"end":{"line":31,"column":7}}}},"branchMap":{"0":{"loc":{"start":{"line":24,"column":8},"end":{"line":30,"column":9}},"type":"if","locations":[{"start":{"line":24,"column":8},"end":{"line":30,"column":9}},{"start":{},"end":{}}]}},"s":{"0":0,"1":0,"2":0,"3":0,"4":0,"5":0,"6":0,"7":0,"8":0,"9":0,"10":0,"11":0,"12":0,"13":0,"14":0,"15":0,"16":0},"f":{"0":0,"1":0},"b":{"0":[0,0]}}
,"/Volumes/Trevor/Users/billy/Documents/TheWayward/framerMotion/motion-3d/src/components/MotionCanvas.tsx": {"path":"/Volumes/Trevor/Users/billy/Documents/TheWayward/framerMotion/motion-3d/src/components/MotionCanvas.tsx","statementMap":{"0":{"start":{"line":1,"column":0},"end":{"line":1,"column":31}},"1":{"start":{"line":2,"column":0},"end":{"line":2,"column":72}},"2":{"start":{"line":3,"column":0},"end":{"line":3,"column":null}},"3":{"start":{"line":10,"column":0},"end":{"line":10,"column":45}},"4":{"start":{"line":11,"column":0},"end":{"line":11,"column":null}},"5":{"start":{"line":20,"column":0},"end":{"line":20,"column":77}},"6":{"start":{"line":41,"column":2},"end":{"line":41,"column":61}},"7":{"start":{"line":43,"column":21},"end":{"line":46,"column":29}},"8":{"start":{"line":44,"column":2},"end":{"line":46,"column":29}},"9":{"start":{"line":57,"column":2},"end":{"line":60,"column":9}},"10":{"start":{"line":58,"column":4},"end":{"line":58,"column":33}},"11":{"start":{"line":58,"column":26},"end":{"line":58,"column":30}},"12":{"start":{"line":59,"column":4},"end":{"line":59,"column":28}},"13":{"start":{"line":59,"column":17},"end":{"line":59,"column":27}},"14":{"start":{"line":61,"column":2},"end":{"line":61,"column":14}},"15":{"start":{"line":68,"column":2},"end":{"line":68,"column":27}},"16":{"start":{"line":71,"column":4},"end":{"line":71,"column":26}},"17":{"start":{"line":74,"column":4},"end":{"line":74,"column":57}},"18":{"start":{"line":69,"column":9},"end":{"line":69,"column":60}},"19":{"start":{"line":69,"column":43},"end":{"line":69,"column":58}},"20":{"start":{"line":86,"column":10},"end":{"line":86,"column":null}},"21":{"start":{"line":87,"column":12},"end":{"line":88,"column":22}},"22":{"start":{"line":97,"column":24},"end":{"line":97,"column":49}},"23":{"start":{"line":98,"column":24},"end":{"line":98,"column":55}},"24":{"start":{"line":99,"column":24},"end":{"line":99,"column":40}},"25":{"start":{"line":101,"column":23},"end":{"line":101,"column":43}},"26":{"start":{"line":102,"column":21},"end":{"line":104,"column":4}},"27":{"start":{"line":105,"column":24},"end":{"line":105,"column":42}},"28":{"start":{"line":107,"column":23},"end":{"line":107,"column":51}},"29":{"start":{"line":109,"column":23},"end":{"line":118,"column":3}},"30":{"start":{"line":110,"column":22},"end":{"line":110,"column":43}},"31":{"start":{"line":111,"column":4},"end":{"line":116,"column":6}},"32":{"start":{"line":117,"column":4},"end":{"line":117,"column":18}},"33":{"start":{"line":121,"column":2},"end":{"line":121,"column":36}},"34":{"start":{"line":123,"column":20},"end":{"line":123,"column":58}},"35":{"start":{"line":124,"column":28},"end":{"line":124,"column":59}},"36":{"start":{"line":125,"column":28},"end":{"line":125,"column":54}},"37":{"start":{"line":128,"column":2},"end":{"line":128,"column":25}},"38":{"start":{"line":128,"column":13},"end":{"line":128,"column":25}},"39":{"start":{"line":130,"column":2},"end":{"line":130,"column":25}},"40":{"start":{"line":130,"column":13},"end":{"line":130,"column":25}},"41":{"start":{"line":132,"column":15},"end":{"line":132,"column":79}},"42":{"start":{"line":134,"column":2},"end":{"line":175,"column":73}},"43":{"start":{"line":135,"column":4},"end":{"line":168,"column":5}},"44":{"start":{"line":136,"column":6},"end":{"line":138,"column":7}},"45":{"start":{"line":137,"column":8},"end":{"line":137,"column":53}},"46":{"start":{"line":140,"column":6},"end":{"line":167,"column":11}},"47":{"start":{"line":148,"column":10},"end":{"line":166,"column":12}},"48":{"start":{"line":170,"column":4},"end":{"line":174,"column":6}},"49":{"start":{"line":171,"column":6},"end":{"line":173,"column":7}},"50":{"start":{"line":172,"column":8},"end":{"line":172,"column":50}},"51":{"start":{"line":177,"column":2},"end":{"line":198,"column":4}},"52":{"start":{"line":201,"column":13},"end":{"line":201,"column":56}}},"fnMap":{"0":{"name":"(anonymous_0)","decl":{"start":{"line":43,"column":21},"end":{"line":43,"column":22}},"loc":{"start":{"line":44,"column":2},"end":{"line":46,"column":29}}},"1":{"name":"Block","decl":{"start":{"line":56,"column":9},"end":{"line":56,"column":14}},"loc":{"start":{"line":56,"column":54},"end":{"line":62,"column":1}}},"2":{"name":"(anonymous_2)","decl":{"start":{"line":57,"column":28},"end":{"line":57,"column":31}},"loc":{"start":{"line":57,"column":33},"end":{"line":60,"column":3}}},"3":{"name":"(anonymous_3)","decl":{"start":{"line":58,"column":20},"end":{"line":58,"column":23}},"loc":{"start":{"line":58,"column":26},"end":{"line":58,"column":30}}},"4":{"name":"(anonymous_4)","decl":{"start":{"line":59,"column":11},"end":{"line":59,"column":14}},"loc":{"start":{"line":59,"column":17},"end":{"line":59,"column":27}}},"5":{"name":"(anonymous_5)","decl":{"start":{"line":64,"column":0},"end":{"line":64,"column":6}},"loc":{"start":{"line":64,"column":0},"end":{"line":76,"column":1}}},"6":{"name":"(anonymous_6)","decl":{"start":{"line":70,"column":2},"end":{"line":70,"column":19}},"loc":{"start":{"line":70,"column":30},"end":{"line":72,"column":3}}},"7":{"name":"(anonymous_7)","decl":{"start":{"line":73,"column":2},"end":{"line":73,"column":8}},"loc":{"start":{"line":73,"column":8},"end":{"line":75,"column":3}}},"8":{"name":"(anonymous_8)","decl":{"start":{"line":69,"column":36},"end":{"line":69,"column":39}},"loc":{"start":{"line":69,"column":43},"end":{"line":69,"column":58}}},"9":{"name":"CanvasComponent","decl":{"start":{"line":78,"column":9},"end":{"line":78,"column":24}},"loc":{"start":{"line":89,"column":44},"end":{"line":199,"column":1}}},"10":{"name":"(anonymous_10)","decl":{"start":{"line":109,"column":23},"end":{"line":109,"column":32}},"loc":{"start":{"line":109,"column":34},"end":{"line":118,"column":3}}},"11":{"name":"(anonymous_11)","decl":{"start":{"line":134,"column":28},"end":{"line":134,"column":31}},"loc":{"start":{"line":134,"column":33},"end":{"line":175,"column":3}}},"12":{"name":"(anonymous_12)","decl":{"start":{"line":147,"column":14},"end":{"line":147,"column":15}},"loc":{"start":{"line":147,"column":33},"end":{"line":167,"column":9}}},"13":{"name":"(anonymous_13)","decl":{"start":{"line":170,"column":11},"end":{"line":170,"column":14}},"loc":{"start":{"line":170,"column":16},"end":{"line":174,"column":5}}}},"branchMap":{"0":{"loc":{"start":{"line":41,"column":2},"end":{"line":41,"column":61}},"type":"cond-expr","locations":[{"start":{"line":41,"column":34},"end":{"line":41,"column":57}},{"start":{"line":41,"column":60},"end":{"line":41,"column":61}}]},"1":{"loc":{"start":{"line":44,"column":2},"end":{"line":46,"column":29}},"type":"cond-expr","locations":[{"start":{"line":45,"column":6},"end":{"line":45,"column":45}},{"start":{"line":46,"column":6},"end":{"line":46,"column":29}}]},"2":{"loc":{"start":{"line":46,"column":6},"end":{"line":46,"column":29}},"type":"binary-expr","locations":[{"start":{"line":46,"column":6},"end":{"line":46,"column":9}},{"start":{"line":46,"column":13},"end":{"line":46,"column":29}}]},"3":{"loc":{"start":{"line":74,"column":11},"end":{"line":74,"column":56}},"type":"cond-expr","locations":[{"start":{"line":74,"column":30},"end":{"line":74,"column":34}},{"start":{"line":74,"column":37},"end":{"line":74,"column":56}}]},"4":{"loc":{"start":{"line":128,"column":2},"end":{"line":128,"column":25}},"type":"if","locations":[{"start":{"line":128,"column":2},"end":{"line":128,"column":25}},{"start":{},"end":{}}]},"5":{"loc":{"start":{"line":130,"column":2},"end":{"line":130,"column":25}},"type":"if","locations":[{"start":{"line":130,"column":2},"end":{"line":130,"column":25}},{"start":{},"end":{}}]},"6":{"loc":{"start":{"line":135,"column":4},"end":{"line":168,"column":5}},"type":"if","locations":[{"start":{"line":135,"column":4},"end":{"line":168,"column":5}},{"start":{},"end":{}}]},"7":{"loc":{"start":{"line":135,"column":8},"end":{"line":135,"column":62}},"type":"binary-expr","locations":[{"start":{"line":135,"column":8},"end":{"line":135,"column":22}},{"start":{"line":135,"column":26},"end":{"line":135,"column":41}},{"start":{"line":135,"column":45},"end":{"line":135,"column":62}}]},"8":{"loc":{"start":{"line":136,"column":6},"end":{"line":138,"column":7}},"type":"if","locations":[{"start":{"line":136,"column":6},"end":{"line":138,"column":7}},{"start":{},"end":{}}]},"9":{"loc":{"start":{"line":143,"column":15},"end":{"line":143,"column":31}},"type":"binary-expr","locations":[{"start":{"line":143,"column":15},"end":{"line":143,"column":18}},{"start":{"line":143,"column":22},"end":{"line":143,"column":31}}]},"10":{"loc":{"start":{"line":145,"column":18},"end":{"line":145,"column":47}},"type":"binary-expr","locations":[{"start":{"line":145,"column":18},"end":{"line":145,"column":24}},{"start":{"line":145,"column":28},"end":{"line":145,"column":47}}]},"11":{"loc":{"start":{"line":171,"column":6},"end":{"line":173,"column":7}},"type":"if","locations":[{"start":{"line":171,"column":6},"end":{"line":173,"column":7}},{"start":{},"end":{}}]}},"s":{"0":0,"1":0,"2":0,"3":0,"4":0,"5":0,"6":0,"7":0,"8":0,"9":0,"10":0,"11":0,"12":0,"13":0,"14":0,"15":0,"16":0,"17":0,"18":0,"19":0,"20":0,"21":0,"22":0,"23":0,"24":0,"25":0,"26":0,"27":0,"28":0,"29":0,"30":0,"31":0,"32":0,"33":0,"34":0,"35":0,"36":0,"37":0,"38":0,"39":0,"40":0,"41":0,"42":0,"43":0,"44":0,"45":0,"46":0,"47":0,"48":0,"49":0,"50":0,"51":0,"52":0},"f":{"0":0,"1":0,"2":0,"3":0,"4":0,"5":0,"6":0,"7":0,"8":0,"9":0,"10":0,"11":0,"12":0,"13":0},"b":{"0":[0,0],"1":[0,0],"2":[0,0],"3":[0,0],"4":[0,0],"5":[0,0],"6":[0,0],"7":[0,0,0],"8":[0,0],"9":[0,0],"10":[0,0],"11":[0,0]}}
,"/Volumes/Trevor/Users/billy/Documents/TheWayward/framerMotion/motion-3d/src/components/MotionCanvasContext.ts": {"path":"/Volumes/Trevor/Users/billy/Documents/TheWayward/framerMotion/motion-3d/src/components/MotionCanvasContext.ts","statementMap":{"0":{"start":{"line":1,"column":0},"end":{"line":1,"column":71}},"1":{"start":{"line":17,"column":13},"end":{"line":19,"column":null}}},"fnMap":{},"branchMap":{},"s":{"0":0,"1":0},"f":{},"b":{}}
,"/Volumes/Trevor/Users/billy/Documents/TheWayward/framerMotion/motion-3d/src/components/use-layout-camera.ts": {"path":"/Volumes/Trevor/Users/billy/Documents/TheWayward/framerMotion/motion-3d/src/components/use-layout-camera.ts","statementMap":{"0":{"start":{"line":16,"column":0},"end":{"line":16,"column":16}},"1":{"start":{"line":2,"column":0},"end":{"line":2,"column":71}},"2":{"start":{"line":3,"column":0},"end":{"line":3,"column":52}},"3":{"start":{"line":5,"column":0},"end":{"line":5,"column":45}},"4":{"start":{"line":6,"column":0},"end":{"line":6,"column":60}},"5":{"start":{"line":7,"column":0},"end":{"line":7,"column":60}},"6":{"start":{"line":9,"column":20},"end":{"line":14,"column":2}},"7":{"start":{"line":9,"column":40},"end":{"line":14,"column":2}},"8":{"start":{"line":20,"column":18},"end":{"line":20,"column":49}},"9":{"start":{"line":21,"column":2},"end":{"line":24,"column":4}},"10":{"start":{"line":26,"column":53},"end":{"line":26,"column":61}},"11":{"start":{"line":28,"column":18},"end":{"line":28,"column":52}},"12":{"start":{"line":28,"column":38},"end":{"line":28,"column":51}},"13":{"start":{"line":29,"column":14},"end":{"line":29,"column":44}},"14":{"start":{"line":29,"column":34},"end":{"line":29,"column":43}},"15":{"start":{"line":30,"column":17},"end":{"line":30,"column":50}},"16":{"start":{"line":30,"column":37},"end":{"line":30,"column":49}},"17":{"start":{"line":31,"column":15},"end":{"line":31,"column":46}},"18":{"start":{"line":31,"column":35},"end":{"line":31,"column":45}},"19":{"start":{"line":32,"column":13},"end":{"line":32,"column":42}},"20":{"start":{"line":32,"column":33},"end":{"line":32,"column":41}},"21":{"start":{"line":33,"column":49},"end":{"line":33,"column":74}},"22":{"start":{"line":34,"column":29},"end":{"line":34,"column":64}},"23":{"start":{"line":36,"column":2},"end":{"line":109,"column":9}},"24":{"start":{"line":37,"column":4},"end":{"line":37,"column":38}},"25":{"start":{"line":38,"column":4},"end":{"line":38,"column":23}},"26":{"start":{"line":39,"column":4},"end":{"line":39,"column":31}},"27":{"start":{"line":41,"column":23},"end":{"line":41,"column":54}},"28":{"start":{"line":42,"column":4},"end":{"line":42,"column":28}},"29":{"start":{"line":42,"column":21},"end":{"line":42,"column":28}},"30":{"start":{"line":48,"column":43},"end":{"line":50,"column":null}},"31":{"start":{"line":50,"column":30},"end":{"line":50,"column":70}},"32":{"start":{"line":57,"column":40},"end":{"line":77,"column":null}},"33":{"start":{"line":60,"column":24},"end":{"line":60,"column":46}},"34":{"start":{"line":62,"column":18},"end":{"line":62,"column":30}},"35":{"start":{"line":63,"column":34},"end":{"line":63,"column":59}},"36":{"start":{"line":65,"column":23},"end":{"line":65,"column":44}},"37":{"start":{"line":66,"column":23},"end":{"line":66,"column":46}},"38":{"start":{"line":67,"column":25},"end":{"line":67,"column":49}},"39":{"start":{"line":68,"column":8},"end":{"line":68,"column":39}},"40":{"start":{"line":70,"column":8},"end":{"line":73,"column":10}},"41":{"start":{"line":75,"column":8},"end":{"line":75,"column":50}},"42":{"start":{"line":76,"column":8},"end":{"line":76,"column":30}},"43":{"start":{"line":84,"column":44},"end":{"line":100,"column":null}},"44":{"start":{"line":87,"column":30},"end":{"line":87,"column":53}},"45":{"start":{"line":89,"column":8},"end":{"line":99,"column":9}},"46":{"start":{"line":90,"column":10},"end":{"line":98,"column":17}},"47":{"start":{"line":91,"column":28},"end":{"line":91,"column":50}},"48":{"start":{"line":92,"column":12},"end":{"line":92,"column":34}},"49":{"start":{"line":94,"column":12},"end":{"line":94,"column":51}},"50":{"start":{"line":96,"column":12},"end":{"line":96,"column":54}},"51":{"start":{"line":97,"column":12},"end":{"line":97,"column":43}},"52":{"start":{"line":103,"column":4},"end":{"line":107,"column":6}},"53":{"start":{"line":104,"column":6},"end":{"line":104,"column":39}},"54":{"start":{"line":105,"column":6},"end":{"line":105,"column":36}},"55":{"start":{"line":106,"column":6},"end":{"line":106,"column":40}},"56":{"start":{"line":111,"column":2},"end":{"line":119,"column":47}},"57":{"start":{"line":112,"column":29},"end":{"line":112,"column":41}},"58":{"start":{"line":114,"column":4},"end":{"line":118,"column":5}},"59":{"start":{"line":115,"column":21},"end":{"line":115,"column":27}},"60":{"start":{"line":116,"column":6},"end":{"line":116,"column":42}},"61":{"start":{"line":116,"column":17},"end":{"line":116,"column":39}},"62":{"start":{"line":117,"column":6},"end":{"line":117,"column":51}},"63":{"start":{"line":117,"column":19},"end":{"line":117,"column":50}},"64":{"start":{"line":117,"column":30},"end":{"line":117,"column":48}},"65":{"start":{"line":121,"column":2},"end":{"line":121,"column":76}}},"fnMap":{"0":{"name":"(anonymous_0)","decl":{"start":{"line":9,"column":20},"end":{"line":9,"column":21}},"loc":{"start":{"line":9,"column":40},"end":{"line":14,"column":2}}},"1":{"name":"useLayoutCamera","decl":{"start":{"line":16,"column":16},"end":{"line":16,"column":31}},"loc":{"start":{"line":18,"column":36},"end":{"line":122,"column":1}}},"2":{"name":"(anonymous_2)","decl":{"start":{"line":28,"column":27},"end":{"line":28,"column":28}},"loc":{"start":{"line":28,"column":38},"end":{"line":28,"column":51}}},"3":{"name":"(anonymous_3)","decl":{"start":{"line":29,"column":23},"end":{"line":29,"column":24}},"loc":{"start":{"line":29,"column":34},"end":{"line":29,"column":43}}},"4":{"name":"(anonymous_4)","decl":{"start":{"line":30,"column":26},"end":{"line":30,"column":27}},"loc":{"start":{"line":30,"column":37},"end":{"line":30,"column":49}}},"5":{"name":"(anonymous_5)","decl":{"start":{"line":31,"column":24},"end":{"line":31,"column":25}},"loc":{"start":{"line":31,"column":35},"end":{"line":31,"column":45}}},"6":{"name":"(anonymous_6)","decl":{"start":{"line":32,"column":22},"end":{"line":32,"column":23}},"loc":{"start":{"line":32,"column":33},"end":{"line":32,"column":41}}},"7":{"name":"(anonymous_7)","decl":{"start":{"line":36,"column":18},"end":{"line":36,"column":21}},"loc":{"start":{"line":36,"column":23},"end":{"line":109,"column":3}}},"8":{"name":"(anonymous_8)","decl":{"start":{"line":50,"column":6},"end":{"line":50,"column":7}},"loc":{"start":{"line":50,"column":30},"end":{"line":50,"column":70}}},"9":{"name":"(anonymous_9)","decl":{"start":{"line":59,"column":6},"end":{"line":59,"column":7}},"loc":{"start":{"line":59,"column":25},"end":{"line":77,"column":7}}},"10":{"name":"(anonymous_10)","decl":{"start":{"line":86,"column":6},"end":{"line":86,"column":9}},"loc":{"start":{"line":86,"column":11},"end":{"line":100,"column":7}}},"11":{"name":"(anonymous_11)","decl":{"start":{"line":90,"column":21},"end":{"line":90,"column":24}},"loc":{"start":{"line":90,"column":26},"end":{"line":98,"column":11}}},"12":{"name":"(anonymous_12)","decl":{"start":{"line":103,"column":11},"end":{"line":103,"column":14}},"loc":{"start":{"line":103,"column":16},"end":{"line":107,"column":5}}},"13":{"name":"(anonymous_13)","decl":{"start":{"line":111,"column":18},"end":{"line":111,"column":21}},"loc":{"start":{"line":111,"column":23},"end":{"line":119,"column":3}}},"14":{"name":"(anonymous_14)","decl":{"start":{"line":116,"column":10},"end":{"line":116,"column":13}},"loc":{"start":{"line":116,"column":17},"end":{"line":116,"column":39}}},"15":{"name":"(anonymous_15)","decl":{"start":{"line":117,"column":13},"end":{"line":117,"column":16}},"loc":{"start":{"line":117,"column":19},"end":{"line":117,"column":50}}},"16":{"name":"(anonymous_16)","decl":{"start":{"line":117,"column":23},"end":{"line":117,"column":26}},"loc":{"start":{"line":117,"column":30},"end":{"line":117,"column":48}}}},"branchMap":{"0":{"loc":{"start":{"line":17,"column":4},"end":{"line":17,"column":22}},"type":"default-arg","locations":[{"start":{"line":17,"column":18},"end":{"line":17,"column":22}}]},"1":{"loc":{"start":{"line":41,"column":23},"end":{"line":41,"column":54}},"type":"cond-expr","locations":[{"start":{"line":41,"column":42},"end":{"line":41,"column":44}},{"start":{"line":41,"column":23},"end":{"line":41,"column":54}}]},"2":{"loc":{"start":{"line":41,"column":23},"end":{"line":41,"column":44}},"type":"binary-expr","locations":[{"start":{"line":41,"column":23},"end":{"line":41,"column":44}},{"start":{"line":41,"column":23},"end":{"line":41,"column":44}}]},"3":{"loc":{"start":{"line":42,"column":4},"end":{"line":42,"column":28}},"type":"if","locations":[{"start":{"line":42,"column":4},"end":{"line":42,"column":28}},{"start":{},"end":{}}]},"4":{"loc":{"start":{"line":87,"column":30},"end":{"line":87,"column":53}},"type":"binary-expr","locations":[{"start":{"line":87,"column":30},"end":{"line":87,"column":47}},{"start":{"line":87,"column":51},"end":{"line":87,"column":53}}]},"5":{"loc":{"start":{"line":89,"column":8},"end":{"line":99,"column":9}},"type":"if","locations":[{"start":{"line":89,"column":8},"end":{"line":99,"column":9}},{"start":{},"end":{}}]},"6":{"loc":{"start":{"line":114,"column":4},"end":{"line":118,"column":5}},"type":"if","locations":[{"start":{"line":114,"column":4},"end":{"line":118,"column":5}},{"start":{},"end":{}}]},"7":{"loc":{"start":{"line":114,"column":8},"end":{"line":114,"column":26}},"type":"binary-expr","locations":[{"start":{"line":114,"column":8},"end":{"line":114,"column":19}},{"start":{"line":114,"column":23},"end":{"line":114,"column":26}}]}},"s":{"0":0,"1":0,"2":0,"3":0,"4":0,"5":0,"6":0,"7":0,"8":0,"9":0,"10":0,"11":0,"12":0,"13":0,"14":0,"15":0,"16":0,"17":0,"18":0,"19":0,"20":0,"21":0,"22":0,"23":0,"24":0,"25":0,"26":0,"27":0,"28":0,"29":0,"30":0,"31":0,"32":0,"33":0,"34":0,"35":0,"36":0,"37":0,"38":0,"39":0,"40":0,"41":0,"42":0,"43":0,"44":0,"45":0,"46":0,"47":0,"48":0,"49":0,"50":0,"51":0,"52":0,"53":0,"54":0,"55":0,"56":0,"57":0,"58":0,"59":0,"60":0,"61":0,"62":0,"63":0,"64":0,"65":0},"f":{"0":0,"1":0,"2":0,"3":0,"4":0,"5":0,"6":0,"7":0,"8":0,"9":0,"10":0,"11":0,"12":0,"13":0,"14":0,"15":0,"16":0},"b":{"0":[0],"1":[0,0],"2":[0,0],"3":[0,0],"4":[0,0],"5":[0,0],"6":[0,0],"7":[0,0]}}
,"/Volumes/Trevor/Users/billy/Documents/TheWayward/framerMotion/motion-3d/src/render/create-visual-element.ts": {"path":"/Volumes/Trevor/Users/billy/Documents/TheWayward/framerMotion/motion-3d/src/render/create-visual-element.ts","statementMap":{"0":{"start":{"line":7,"column":0},"end":{"line":7,"column":null}},"1":{"start":{"line":13,"column":0},"end":{"line":13,"column":50}},"2":{"start":{"line":14,"column":0},"end":{"line":14,"column":52}},"3":{"start":{"line":15,"column":0},"end":{"line":15,"column":74}},"4":{"start":{"line":17,"column":33},"end":{"line":17,"column":61}},"5":{"start":{"line":17,"column":58},"end":{"line":17,"column":60}},"6":{"start":{"line":17,"column":13},"end":{"line":17,"column":33}},"7":{"start":{"line":24,"column":2},"end":{"line":24,"column":17}},"8":{"start":{"line":27,"column":4},"end":{"line":27,"column":41}},"9":{"start":{"line":31,"column":4},"end":{"line":31,"column":21}},"10":{"start":{"line":38,"column":4},"end":{"line":38,"column":23}},"11":{"start":{"line":43,"column":17},"end":{"line":43,"column":null}},"12":{"start":{"line":44,"column":13},"end":{"line":45,"column":24}},"13":{"start":{"line":47,"column":4},"end":{"line":47,"column":52}},"14":{"start":{"line":53,"column":4},"end":{"line":53,"column":23}},"15":{"start":{"line":57,"column":4},"end":{"line":57,"column":57}},"16":{"start":{"line":61,"column":4},"end":{"line":63,"column":5}},"17":{"start":{"line":62,"column":6},"end":{"line":62,"column":37}},"18":{"start":{"line":70,"column":4},"end":{"line":72,"column":5}},"19":{"start":{"line":71,"column":6},"end":{"line":71,"column":48}},"20":{"start":{"line":19,"column":0},"end":{"line":19,"column":13}},"21":{"start":{"line":76,"column":35},"end":{"line":77,"column":37}},"22":{"start":{"line":77,"column":2},"end":{"line":77,"column":37}},"23":{"start":{"line":76,"column":13},"end":{"line":76,"column":35}}},"fnMap":{"0":{"name":"(anonymous_0)","decl":{"start":{"line":17,"column":33},"end":{"line":17,"column":54}},"loc":{"start":{"line":17,"column":58},"end":{"line":17,"column":60}}},"1":{"name":"(anonymous_1)","decl":{"start":{"line":19,"column":0},"end":{"line":19,"column":13}},"loc":{"start":{"line":19,"column":0},"end":{"line":74,"column":1}}},"2":{"name":"(anonymous_2)","decl":{"start":{"line":26,"column":2},"end":{"line":26,"column":23}},"loc":{"start":{"line":26,"column":59},"end":{"line":28,"column":3}}},"3":{"name":"(anonymous_3)","decl":{"start":{"line":30,"column":2},"end":{"line":30,"column":24}},"loc":{"start":{"line":30,"column":24},"end":{"line":32,"column":3}}},"4":{"name":"(anonymous_4)","decl":{"start":{"line":34,"column":2},"end":{"line":34,"column":26}},"loc":{"start":{"line":36,"column":19},"end":{"line":39,"column":3}}},"5":{"name":"(anonymous_5)","decl":{"start":{"line":41,"column":2},"end":{"line":41,"column":34}},"loc":{"start":{"line":45,"column":24},"end":{"line":48,"column":3}}},"6":{"name":"(anonymous_6)","decl":{"start":{"line":50,"column":2},"end":{"line":50,"column":28}},"loc":{"start":{"line":50,"column":28},"end":{"line":50,"column":33}}},"7":{"name":"(anonymous_7)","decl":{"start":{"line":52,"column":2},"end":{"line":52,"column":28}},"loc":{"start":{"line":52,"column":28},"end":{"line":54,"column":3}}},"8":{"name":"(anonymous_8)","decl":{"start":{"line":56,"column":2},"end":{"line":56,"column":29}},"loc":{"start":{"line":56,"column":72},"end":{"line":58,"column":3}}},"9":{"name":"(anonymous_9)","decl":{"start":{"line":60,"column":2},"end":{"line":60,"column":7}},"loc":{"start":{"line":60,"column":61},"end":{"line":64,"column":3}}},"10":{"name":"(anonymous_10)","decl":{"start":{"line":66,"column":2},"end":{"line":66,"column":16}},"loc":{"start":{"line":68,"column":33},"end":{"line":73,"column":3}}},"11":{"name":"(anonymous_11)","decl":{"start":{"line":76,"column":35},"end":{"line":76,"column":36}},"loc":{"start":{"line":77,"column":2},"end":{"line":77,"column":37}}}},"branchMap":{},"s":{"0":1,"1":1,"2":1,"3":1,"4":1,"5":6,"6":1,"7":6,"8":0,"9":0,"10":0,"11":0,"12":0,"13":0,"14":0,"15":12,"16":0,"17":0,"18":0,"19":0,"20":1,"21":1,"22":6,"23":1},"f":{"0":6,"1":6,"2":0,"3":0,"4":0,"5":0,"6":0,"7":0,"8":12,"9":0,"10":0,"11":6},"b":{}}
,"/Volumes/Trevor/Users/billy/Documents/TheWayward/framerMotion/motion-3d/src/render/motion.ts": {"path":"/Volumes/Trevor/Users/billy/Documents/TheWayward/framerMotion/motion-3d/src/render/motion.ts","statementMap":{"0":{"start":{"line":1,"column":0},"end":{"line":1,"column":78}},"1":{"start":{"line":2,"column":0},"end":{"line":2,"column":55}},"2":{"start":{"line":4,"column":0},"end":{"line":4,"column":null}},"3":{"start":{"line":9,"column":0},"end":{"line":9,"column":74}},"4":{"start":{"line":10,"column":0},"end":{"line":10,"column":41}},"5":{"start":{"line":12,"column":23},"end":{"line":15,"column":2}},"6":{"start":{"line":18,"column":26},"end":{"line":49,"column":4}},"7":{"start":{"line":19,"column":24},"end":{"line":19,"column":59}},"8":{"start":{"line":20,"column":19},"end":{"line":20,"column":44}},"9":{"start":{"line":21,"column":29},"end":{"line":21,"column":68}},"10":{"start":{"line":23,"column":4},"end":{"line":31,"column":5}},"11":{"start":{"line":24,"column":6},"end":{"line":30,"column":31}},"12":{"start":{"line":33,"column":26},"end":{"line":33,"column":50}},"13":{"start":{"line":36,"column":4},"end":{"line":38,"column":5}},"14":{"start":{"line":37,"column":6},"end":{"line":37,"column":47}},"15":{"start":{"line":40,"column":4},"end":{"line":48,"column":6}},"16":{"start":{"line":51,"column":3},"end":{"line":51,"column":64}},"17":{"start":{"line":53,"column":2},"end":{"line":53,"column":25}},"18":{"start":{"line":56,"column":23},"end":{"line":56,"column":45}},"19":{"start":{"line":57,"column":13},"end":{"line":62,"column":44}},"20":{"start":{"line":59,"column":4},"end":{"line":59,"column":69}},"21":{"start":{"line":60,"column":4},"end":{"line":60,"column":36}}},"fnMap":{"0":{"name":"custom","decl":{"start":{"line":17,"column":9},"end":{"line":17,"column":15}},"loc":{"start":{"line":17,"column":40},"end":{"line":54,"column":1}}},"1":{"name":"(anonymous_1)","decl":{"start":{"line":18,"column":63},"end":{"line":18,"column":64}},"loc":{"start":{"line":18,"column":78},"end":{"line":49,"column":3}}},"2":{"name":"(anonymous_2)","decl":{"start":{"line":58,"column":7},"end":{"line":58,"column":8}},"loc":{"start":{"line":58,"column":26},"end":{"line":61,"column":3}}}},"branchMap":{"0":{"loc":{"start":{"line":23,"column":4},"end":{"line":31,"column":5}},"type":"if","locations":[{"start":{"line":23,"column":4},"end":{"line":31,"column":5}},{"start":{},"end":{}}]},"1":{"loc":{"start":{"line":26,"column":16},"end":{"line":26,"column":37}},"type":"cond-expr","locations":[{"start":{"line":26,"column":22},"end":{"line":26,"column":24}},{"start":{"line":26,"column":16},"end":{"line":26,"column":37}}]},"2":{"loc":{"start":{"line":26,"column":16},"end":{"line":26,"column":24}},"type":"binary-expr","locations":[{"start":{"line":26,"column":16},"end":{"line":26,"column":24}},{"start":{"line":26,"column":16},"end":{"line":26,"column":24}}]},"3":{"loc":{"start":{"line":36,"column":4},"end":{"line":38,"column":5}},"type":"if","locations":[{"start":{"line":36,"column":4},"end":{"line":38,"column":5}},{"start":{},"end":{}}]},"4":{"loc":{"start":{"line":59,"column":4},"end":{"line":59,"column":68}},"type":"binary-expr","locations":[{"start":{"line":59,"column":4},"end":{"line":59,"column":28}},{"start":{"line":59,"column":32},"end":{"line":59,"column":68}}]}},"s":{"0":1,"1":1,"2":1,"3":1,"4":1,"5":1,"6":2,"7":6,"8":6,"9":6,"10":6,"11":6,"12":6,"13":6,"14":6,"15":6,"16":2,"17":2,"18":1,"19":1,"20":8,"21":8},"f":{"0":2,"1":6,"2":8},"b":{"0":[6,0],"1":[0,6],"2":[6,6],"3":[6,0],"4":[8,2]}}
,"/Volumes/Trevor/Users/billy/Documents/TheWayward/framerMotion/motion-3d/src/render/use-render.ts": {"path":"/Volumes/Trevor/Users/billy/Documents/TheWayward/framerMotion/motion-3d/src/render/use-render.ts","statementMap":{"0":{"start":{"line":1,"column":0},"end":{"line":1,"column":47}},"1":{"start":{"line":3,"column":0},"end":{"line":3,"column":78}},"2":{"start":{"line":5,"column":0},"end":{"line":5,"column":48}},"3":{"start":{"line":6,"column":0},"end":{"line":6,"column":44}},"4":{"start":{"line":10,"column":25},"end":{"line":34,"column":1}},"5":{"start":{"line":19,"column":22},"end":{"line":19,"column":43}},"6":{"start":{"line":26,"column":2},"end":{"line":33,"column":12}},"7":{"start":{"line":10,"column":13},"end":{"line":10,"column":25}},"8":{"start":{"line":37,"column":2},"end":{"line":51,"column":9}},"9":{"start":{"line":38,"column":29},"end":{"line":38,"column":31}},"10":{"start":{"line":40,"column":4},"end":{"line":48,"column":5}},"11":{"start":{"line":41,"column":19},"end":{"line":41,"column":29}},"12":{"start":{"line":43,"column":6},"end":{"line":47,"column":7}},"13":{"start":{"line":44,"column":8},"end":{"line":44,"column":38}},"14":{"start":{"line":45,"column":13},"end":{"line":47,"column":7}},"15":{"start":{"line":46,"column":8},"end":{"line":46,"column":56}},"16":{"start":{"line":50,"column":4},"end":{"line":50,"column":23}}},"fnMap":{"0":{"name":"(anonymous_0)","decl":{"start":{"line":10,"column":25},"end":{"line":10,"column":null}},"loc":{"start":{"line":18,"column":4},"end":{"line":34,"column":1}}},"1":{"name":"useVisualProps","decl":{"start":{"line":36,"column":9},"end":{"line":36,"column":23}},"loc":{"start":{"line":36,"column":73},"end":{"line":52,"column":1}}},"2":{"name":"(anonymous_2)","decl":{"start":{"line":37,"column":17},"end":{"line":37,"column":20}},"loc":{"start":{"line":37,"column":22},"end":{"line":51,"column":3}}}},"branchMap":{"0":{"loc":{"start":{"line":43,"column":6},"end":{"line":47,"column":7}},"type":"if","locations":[{"start":{"line":43,"column":6},"end":{"line":47,"column":7}},{"start":{"line":45,"column":13},"end":{"line":47,"column":7}}]},"1":{"loc":{"start":{"line":45,"column":13},"end":{"line":47,"column":7}},"type":"if","locations":[{"start":{"line":45,"column":13},"end":{"line":47,"column":7}},{"start":{},"end":{}}]},"2":{"loc":{"start":{"line":45,"column":17},"end":{"line":45,"column":68}},"type":"binary-expr","locations":[{"start":{"line":45,"column":17},"end":{"line":45,"column":36}},{"start":{"line":45,"column":40},"end":{"line":45,"column":68}}]}},"s":{"0":1,"1":1,"2":1,"3":1,"4":1,"5":6,"6":6,"7":1,"8":6,"9":6,"10":6,"11":40,"12":40,"13":6,"14":34,"15":0,"16":6},"f":{"0":6,"1":6,"2":6},"b":{"0":[6,34],"1":[0,34],"2":[34,5]}}
,"/Volumes/Trevor/Users/billy/Documents/TheWayward/framerMotion/motion-3d/src/render/gestures/use-hover.ts": {"path":"/Volumes/Trevor/Users/billy/Documents/TheWayward/framerMotion/motion-3d/src/render/gestures/use-hover.ts","statementMap":{"0":{"start":{"line":7,"column":0},"end":{"line":7,"column":16}},"1":{"start":{"line":18,"column":25},"end":{"line":18,"column":65}},"2":{"start":{"line":20,"column":2},"end":{"line":20,"column":63}},"3":{"start":{"line":20,"column":53},"end":{"line":20,"column":63}},"4":{"start":{"line":22,"column":2},"end":{"line":31,"column":4}},"5":{"start":{"line":24,"column":6},"end":{"line":24,"column":66}},"6":{"start":{"line":25,"column":6},"end":{"line":25,"column":44}},"7":{"start":{"line":28,"column":6},"end":{"line":28,"column":67}},"8":{"start":{"line":29,"column":6},"end":{"line":29,"column":42}}},"fnMap":{"0":{"name":"useHover","decl":{"start":{"line":7,"column":16},"end":{"line":7,"column":24}},"loc":{"start":{"line":16,"column":31},"end":{"line":32,"column":1}}},"1":{"name":"(anonymous_1)","decl":{"start":{"line":23,"column":19},"end":{"line":23,"column":20}},"loc":{"start":{"line":23,"column":46},"end":{"line":26,"column":5}}},"2":{"name":"(anonymous_2)","decl":{"start":{"line":27,"column":18},"end":{"line":27,"column":19}},"loc":{"start":{"line":27,"column":45},"end":{"line":30,"column":5}}}},"branchMap":{"0":{"loc":{"start":{"line":18,"column":25},"end":{"line":18,"column":65}},"type":"binary-expr","locations":[{"start":{"line":18,"column":25},"end":{"line":18,"column":35}},{"start":{"line":18,"column":39},"end":{"line":18,"column":51}},{"start":{"line":18,"column":55},"end":{"line":18,"column":65}}]},"1":{"loc":{"start":{"line":20,"column":2},"end":{"line":20,"column":63}},"type":"if","locations":[{"start":{"line":20,"column":2},"end":{"line":20,"column":63}},{"start":{},"end":{}}]},"2":{"loc":{"start":{"line":20,"column":6},"end":{"line":20,"column":51}},"type":"binary-expr","locations":[{"start":{"line":20,"column":6},"end":{"line":20,"column":14}},{"start":{"line":20,"column":18},"end":{"line":20,"column":32}},{"start":{"line":20,"column":36},"end":{"line":20,"column":51}}]},"3":{"loc":{"start":{"line":24,"column":6},"end":{"line":24,"column":65}},"type":"cond-expr","locations":[{"start":{"line":24,"column":34},"end":{"line":24,"column":36}},{"start":{"line":24,"column":34},"end":{"line":24,"column":65}}]},"4":{"loc":{"start":{"line":24,"column":6},"end":{"line":24,"column":36}},"type":"binary-expr","locations":[{"start":{"line":24,"column":6},"end":{"line":24,"column":36}},{"start":{"line":24,"column":34},"end":{"line":24,"column":36}}]},"5":{"loc":{"start":{"line":25,"column":6},"end":{"line":25,"column":43}},"type":"binary-expr","locations":[{"start":{"line":25,"column":6},"end":{"line":25,"column":19}},{"start":{"line":25,"column":23},"end":{"line":25,"column":43}}]},"6":{"loc":{"start":{"line":28,"column":6},"end":{"line":28,"column":66}},"type":"cond-expr","locations":[{"start":{"line":28,"column":34},"end":{"line":28,"column":36}},{"start":{"line":28,"column":34},"end":{"line":28,"column":66}}]},"7":{"loc":{"start":{"line":28,"column":6},"end":{"line":28,"column":36}},"type":"binary-expr","locations":[{"start":{"line":28,"column":6},"end":{"line":28,"column":36}},{"start":{"line":28,"column":34},"end":{"line":28,"column":36}}]},"8":{"loc":{"start":{"line":29,"column":6},"end":{"line":29,"column":41}},"type":"binary-expr","locations":[{"start":{"line":29,"column":6},"end":{"line":29,"column":18}},{"start":{"line":29,"column":22},"end":{"line":29,"column":41}}]}},"s":{"0":1,"1":6,"2":6,"3":6,"4":0,"5":0,"6":0,"7":0,"8":0},"f":{"0":6,"1":0,"2":0},"b":{"0":[6,6,6],"1":[6,0],"2":[6,6,6],"3":[0,0],"4":[0,0],"5":[0,0],"6":[0,0],"7":[0,0],"8":[0,0]}}
,"/Volumes/Trevor/Users/billy/Documents/TheWayward/framerMotion/motion-3d/src/render/gestures/use-tap.ts": {"path":"/Volumes/Trevor/Users/billy/Documents/TheWayward/framerMotion/motion-3d/src/render/gestures/use-tap.ts","statementMap":{"0":{"start":{"line":14,"column":0},"end":{"line":14,"column":16}},"1":{"start":{"line":2,"column":0},"end":{"line":2,"column":31}},"2":{"start":{"line":3,"column":0},"end":{"line":3,"column":null}},"3":{"start":{"line":25,"column":23},"end":{"line":25,"column":69}},"4":{"start":{"line":26,"column":21},"end":{"line":26,"column":34}},"5":{"start":{"line":27,"column":36},"end":{"line":27,"column":65}},"6":{"start":{"line":29,"column":2},"end":{"line":29,"column":61}},"7":{"start":{"line":29,"column":51},"end":{"line":29,"column":61}},"8":{"start":{"line":32,"column":4},"end":{"line":32,"column":42}},"9":{"start":{"line":33,"column":4},"end":{"line":33,"column":45}},"10":{"start":{"line":37,"column":4},"end":{"line":37,"column":31}},"11":{"start":{"line":38,"column":4},"end":{"line":38,"column":31}},"12":{"start":{"line":39,"column":4},"end":{"line":39,"column":64}},"13":{"start":{"line":40,"column":4},"end":{"line":40,"column":27}},"14":{"start":{"line":44,"column":4},"end":{"line":44,"column":35}},"15":{"start":{"line":44,"column":28},"end":{"line":44,"column":35}},"16":{"start":{"line":50,"column":4},"end":{"line":50,"column":25}},"17":{"start":{"line":54,"column":4},"end":{"line":54,"column":35}},"18":{"start":{"line":54,"column":28},"end":{"line":54,"column":35}},"19":{"start":{"line":56,"column":4},"end":{"line":56,"column":31}},"20":{"start":{"line":59,"column":2},"end":{"line":83,"column":4}},"21":{"start":{"line":61,"column":6},"end":{"line":61,"column":33}},"22":{"start":{"line":62,"column":6},"end":{"line":62,"column":37}},"23":{"start":{"line":62,"column":30},"end":{"line":62,"column":37}},"24":{"start":{"line":63,"column":6},"end":{"line":63,"column":32}},"25":{"start":{"line":68,"column":22},"end":{"line":70,"column":8}},"26":{"start":{"line":72,"column":6},"end":{"line":75,"column":8}},"27":{"start":{"line":77,"column":6},"end":{"line":77,"column":64}},"28":{"start":{"line":79,"column":6},"end":{"line":79,"column":29}},"29":{"start":{"line":81,"column":6},"end":{"line":81,"column":32}}},"fnMap":{"0":{"name":"useTap","decl":{"start":{"line":14,"column":16},"end":{"line":14,"column":22}},"loc":{"start":{"line":23,"column":31},"end":{"line":84,"column":1}}},"1":{"name":"removePointerEndListener","decl":{"start":{"line":31,"column":11},"end":{"line":31,"column":35}},"loc":{"start":{"line":31,"column":35},"end":{"line":34,"column":3}}},"2":{"name":"checkPointerEnd","decl":{"start":{"line":36,"column":11},"end":{"line":36,"column":26}},"loc":{"start":{"line":36,"column":26},"end":{"line":41,"column":3}}},"3":{"name":"onPointerUp","decl":{"start":{"line":43,"column":11},"end":{"line":43,"column":22}},"loc":{"start":{"line":43,"column":59},"end":{"line":51,"column":3}}},"4":{"name":"onPointerCancel","decl":{"start":{"line":53,"column":11},"end":{"line":53,"column":26}},"loc":{"start":{"line":53,"column":63},"end":{"line":57,"column":3}}},"5":{"name":"(anonymous_5)","decl":{"start":{"line":60,"column":34},"end":{"line":60,"column":35}},"loc":{"start":{"line":60,"column":55},"end":{"line":82,"column":5}}}},"branchMap":{"0":{"loc":{"start":{"line":25,"column":23},"end":{"line":25,"column":69}},"type":"binary-expr","locations":[{"start":{"line":25,"column":23},"end":{"line":25,"column":28}},{"start":{"line":25,"column":32},"end":{"line":25,"column":42}},{"start":{"line":25,"column":46},"end":{"line":25,"column":57}},{"start":{"line":25,"column":61},"end":{"line":25,"column":69}}]},"1":{"loc":{"start":{"line":29,"column":2},"end":{"line":29,"column":61}},"type":"if","locations":[{"start":{"line":29,"column":2},"end":{"line":29,"column":61}},{"start":{},"end":{}}]},"2":{"loc":{"start":{"line":29,"column":6},"end":{"line":29,"column":49}},"type":"binary-expr","locations":[{"start":{"line":29,"column":6},"end":{"line":29,"column":14}},{"start":{"line":29,"column":18},"end":{"line":29,"column":32}},{"start":{"line":29,"column":36},"end":{"line":29,"column":49}}]},"3":{"loc":{"start":{"line":32,"column":4},"end":{"line":32,"column":41}},"type":"cond-expr","locations":[{"start":{"line":32,"column":37},"end":{"line":32,"column":41}},{"start":{"line":32,"column":37},"end":{"line":32,"column":41}}]},"4":{"loc":{"start":{"line":32,"column":4},"end":{"line":32,"column":41}},"type":"binary-expr","locations":[{"start":{"line":32,"column":4},"end":{"line":32,"column":41}},{"start":{"line":32,"column":37},"end":{"line":32,"column":41}}]},"5":{"loc":{"start":{"line":39,"column":4},"end":{"line":39,"column":63}},"type":"cond-expr","locations":[{"start":{"line":39,"column":33},"end":{"line":39,"column":35}},{"start":{"line":39,"column":33},"end":{"line":39,"column":63}}]},"6":{"loc":{"start":{"line":39,"column":4},"end":{"line":39,"column":35}},"type":"binary-expr","locations":[{"start":{"line":39,"column":4},"end":{"line":39,"column":35}},{"start":{"line":39,"column":33},"end":{"line":39,"column":35}}]},"7":{"loc":{"start":{"line":44,"column":4},"end":{"line":44,"column":35}},"type":"if","locations":[{"start":{"line":44,"column":4},"end":{"line":44,"column":35}},{"start":{},"end":{}}]},"8":{"loc":{"start":{"line":50,"column":4},"end":{"line":50,"column":24}},"type":"cond-expr","locations":[{"start":{"line":50,"column":9},"end":{"line":50,"column":12}},{"start":{"line":50,"column":4},"end":{"line":50,"column":24}}]},"9":{"loc":{"start":{"line":50,"column":4},"end":{"line":50,"column":12}},"type":"binary-expr","locations":[{"start":{"line":50,"column":4},"end":{"line":50,"column":12}},{"start":{"line":50,"column":4},"end":{"line":50,"column":12}}]},"10":{"loc":{"start":{"line":54,"column":4},"end":{"line":54,"column":35}},"type":"if","locations":[{"start":{"line":54,"column":4},"end":{"line":54,"column":35}},{"start":{},"end":{}}]},"11":{"loc":{"start":{"line":56,"column":4},"end":{"line":56,"column":30}},"type":"cond-expr","locations":[{"start":{"line":56,"column":15},"end":{"line":56,"column":18}},{"start":{"line":56,"column":4},"end":{"line":56,"column":30}}]},"12":{"loc":{"start":{"line":56,"column":4},"end":{"line":56,"column":18}},"type":"binary-expr","locations":[{"start":{"line":56,"column":4},"end":{"line":56,"column":18}},{"start":{"line":56,"column":4},"end":{"line":56,"column":18}}]},"13":{"loc":{"start":{"line":62,"column":6},"end":{"line":62,"column":37}},"type":"if","locations":[{"start":{"line":62,"column":6},"end":{"line":62,"column":37}},{"start":{},"end":{}}]},"14":{"loc":{"start":{"line":69,"column":19},"end":{"line":69,"column":70}},"type":"binary-expr","locations":[{"start":{"line":69,"column":19},"end":{"line":69,"column":29}},{"start":{"line":69,"column":33},"end":{"line":69,"column":38}},{"start":{"line":69,"column":42},"end":{"line":69,"column":53}},{"start":{"line":69,"column":57},"end":{"line":69,"column":70}}]},"15":{"loc":{"start":{"line":77,"column":6},"end":{"line":77,"column":63}},"type":"cond-expr","locations":[{"start":{"line":77,"column":34},"end":{"line":77,"column":36}},{"start":{"line":77,"column":34},"end":{"line":77,"column":63}}]},"16":{"loc":{"start":{"line":77,"column":6},"end":{"line":77,"column":36}},"type":"binary-expr","locations":[{"start":{"line":77,"column":6},"end":{"line":77,"column":36}},{"start":{"line":77,"column":34},"end":{"line":77,"column":36}}]},"17":{"loc":{"start":{"line":79,"column":6},"end":{"line":79,"column":28}},"type":"cond-expr","locations":[{"start":{"line":79,"column":19},"end":{"line":79,"column":22}},{"start":{"line":79,"column":6},"end":{"line":79,"column":28}}]},"18":{"loc":{"start":{"line":79,"column":6},"end":{"line":79,"column":22}},"type":"binary-expr","locations":[{"start":{"line":79,"column":6},"end":{"line":79,"column":22}},{"start":{"line":79,"column":6},"end":{"line":79,"column":22}}]},"19":{"loc":{"start":{"line":81,"column":6},"end":{"line":81,"column":31}},"type":"cond-expr","locations":[{"start":{"line":81,"column":16},"end":{"line":81,"column":19}},{"start":{"line":81,"column":6},"end":{"line":81,"column":31}}]},"20":{"loc":{"start":{"line":81,"column":6},"end":{"line":81,"column":19}},"type":"binary-expr","locations":[{"start":{"line":81,"column":6},"end":{"line":81,"column":19}},{"start":{"line":81,"column":6},"end":{"line":81,"column":19}}]}},"s":{"0":1,"1":1,"2":1,"3":6,"4":6,"5":6,"6":6,"7":6,"8":0,"9":0,"10":0,"11":0,"12":0,"13":0,"14":0,"15":0,"16":0,"17":0,"18":0,"19":0,"20":0,"21":0,"22":0,"23":0,"24":0,"25":0,"26":0,"27":0,"28":0,"29":0},"f":{"0":6,"1":0,"2":0,"3":0,"4":0,"5":0},"b":{"0":[6,6,6,6],"1":[6,0],"2":[6,6,6],"3":[0,0],"4":[0,0],"5":[0,0],"6":[0,0],"7":[0,0],"8":[0,0],"9":[0,0],"10":[0,0],"11":[0,0],"12":[0,0],"13":[0,0],"14":[0,0,0,0],"15":[0,0],"16":[0,0],"17":[0,0],"18":[0,0],"19":[0,0],"20":[0,0]}}
,"/Volumes/Trevor/Users/billy/Documents/TheWayward/framerMotion/motion-3d/src/render/utils/read-value.ts": {"path":"/Volumes/Trevor/Users/billy/Documents/TheWayward/framerMotion/motion-3d/src/render/utils/read-value.ts","statementMap":{"0":{"start":{"line":39,"column":0},"end":{"line":39,"column":16}},"1":{"start":{"line":2,"column":0},"end":{"line":2,"column":29}},"2":{"start":{"line":5,"column":4},"end":{"line":10,"column":5}},"3":{"start":{"line":6,"column":4},"end":{"line":10,"column":5}},"4":{"start":{"line":7,"column":4},"end":{"line":10,"column":5}},"5":{"start":{"line":8,"column":22},"end":{"line":8,"column":36}},"6":{"start":{"line":9,"column":8},"end":{"line":9,"column":null}},"7":{"start":{"line":12,"column":21},"end":{"line":12,"column":46}},"8":{"start":{"line":13,"column":18},"end":{"line":13,"column":40}},"9":{"start":{"line":14,"column":21},"end":{"line":14,"column":46}},"10":{"start":{"line":16,"column":16},"end":{"line":27,"column":null}},"11":{"start":{"line":30,"column":4},"end":{"line":36,"column":5}},"12":{"start":{"line":31,"column":8},"end":{"line":31,"column":14}},"13":{"start":{"line":32,"column":11},"end":{"line":36,"column":5}},"14":{"start":{"line":33,"column":8},"end":{"line":33,"column":null}},"15":{"start":{"line":35,"column":8},"end":{"line":35,"column":null}},"16":{"start":{"line":40,"column":20},"end":{"line":40,"column":41}},"17":{"start":{"line":41,"column":4},"end":{"line":43,"column":null}}},"fnMap":{"0":{"name":"(anonymous_0)","decl":{"start":{"line":5,"column":4},"end":{"line":5,"column":5}},"loc":{"start":{"line":6,"column":4},"end":{"line":10,"column":5}}},"1":{"name":"(anonymous_1)","decl":{"start":{"line":6,"column":4},"end":{"line":6,"column":5}},"loc":{"start":{"line":7,"column":4},"end":{"line":10,"column":5}}},"2":{"name":"(anonymous_2)","decl":{"start":{"line":7,"column":4},"end":{"line":7,"column":5}},"loc":{"start":{"line":7,"column":31},"end":{"line":10,"column":5}}},"3":{"name":"readAnimatableValue","decl":{"start":{"line":29,"column":9},"end":{"line":29,"column":28}},"loc":{"start":{"line":29,"column":42},"end":{"line":37,"column":1}}},"4":{"name":"readThreeValue","decl":{"start":{"line":39,"column":16},"end":{"line":39,"column":30}},"loc":{"start":{"line":39,"column":67},"end":{"line":44,"column":1}}}},"branchMap":{"0":{"loc":{"start":{"line":9,"column":15},"end":{"line":9,"column":49}},"type":"cond-expr","locations":[{"start":{"line":9,"column":23},"end":{"line":9,"column":34}},{"start":{"line":9,"column":37},"end":{"line":9,"column":49}}]},"1":{"loc":{"start":{"line":30,"column":4},"end":{"line":36,"column":5}},"type":"if","locations":[{"start":{"line":30,"column":4},"end":{"line":36,"column":5}},{"start":{"line":32,"column":11},"end":{"line":36,"column":5}}]},"2":{"loc":{"start":{"line":32,"column":11},"end":{"line":36,"column":5}},"type":"if","locations":[{"start":{"line":32,"column":11},"end":{"line":36,"column":5}},{"start":{"line":34,"column":11},"end":{"line":36,"column":5}}]},"3":{"loc":{"start":{"line":41,"column":11},"end":{"line":43,"column":59}},"type":"cond-expr","locations":[{"start":{"line":42,"column":10},"end":{"line":42,"column":26}},{"start":{"line":43,"column":10},"end":{"line":43,"column":59}}]},"4":{"loc":{"start":{"line":43,"column":10},"end":{"line":43,"column":59}},"type":"binary-expr","locations":[{"start":{"line":43,"column":10},"end":{"line":43,"column":54}},{"start":{"line":43,"column":58},"end":{"line":43,"column":59}}]}},"s":{"0":1,"1":1,"2":1,"3":3,"4":10,"5":0,"6":0,"7":1,"8":1,"9":1,"10":1,"11":0,"12":0,"13":0,"14":0,"15":0,"16":0,"17":0},"f":{"0":3,"1":10,"2":0,"3":0,"4":0},"b":{"0":[0,0],"1":[0,0],"2":[0,0],"3":[0,0],"4":[0,0]}}
,"/Volumes/Trevor/Users/billy/Documents/TheWayward/framerMotion/motion-3d/src/render/utils/scrape-motion-value.ts": {"path":"/Volumes/Trevor/Users/billy/Documents/TheWayward/framerMotion/motion-3d/src/render/utils/scrape-motion-value.ts","statementMap":{"0":{"start":{"line":1,"column":0},"end":{"line":1,"column":45}},"1":{"start":{"line":5,"column":13},"end":{"line":5,"column":28}},"2":{"start":{"line":7,"column":41},"end":{"line":17,"column":2}},"3":{"start":{"line":19,"column":72},"end":{"line":45,"column":1}},"4":{"start":{"line":23,"column":44},"end":{"line":23,"column":46}},"5":{"start":{"line":25,"column":2},"end":{"line":42,"column":3}},"6":{"start":{"line":26,"column":17},"end":{"line":26,"column":27}},"7":{"start":{"line":28,"column":4},"end":{"line":41,"column":5}},"8":{"start":{"line":29,"column":6},"end":{"line":29,"column":48}},"9":{"start":{"line":30,"column":11},"end":{"line":41,"column":5}},"10":{"start":{"line":31,"column":6},"end":{"line":40,"column":7}},"11":{"start":{"line":31,"column":19},"end":{"line":31,"column":20}},"12":{"start":{"line":32,"column":22},"end":{"line":32,"column":29}},"13":{"start":{"line":33,"column":8},"end":{"line":39,"column":9}},"14":{"start":{"line":37,"column":23},"end":{"line":37,"column":52}},"15":{"start":{"line":38,"column":10},"end":{"line":38,"column":37}},"16":{"start":{"line":44,"column":2},"end":{"line":44,"column":22}},"17":{"start":{"line":19,"column":13},"end":{"line":19,"column":72}}},"fnMap":{"0":{"name":"(anonymous_0)","decl":{"start":{"line":19,"column":72},"end":{"line":19,"column":null}},"loc":{"start":{"line":22,"column":4},"end":{"line":45,"column":1}}}},"branchMap":{"0":{"loc":{"start":{"line":28,"column":4},"end":{"line":41,"column":5}},"type":"if","locations":[{"start":{"line":28,"column":4},"end":{"line":41,"column":5}},{"start":{"line":30,"column":11},"end":{"line":41,"column":5}}]},"1":{"loc":{"start":{"line":28,"column":8},"end":{"line":28,"column":60}},"type":"binary-expr","locations":[{"start":{"line":28,"column":8},"end":{"line":28,"column":27}},{"start":{"line":28,"column":31},"end":{"line":28,"column":60}}]},"2":{"loc":{"start":{"line":29,"column":19},"end":{"line":29,"column":39}},"type":"binary-expr","locations":[{"start":{"line":29,"column":19},"end":{"line":29,"column":32}},{"start":{"line":29,"column":36},"end":{"line":29,"column":39}}]},"3":{"loc":{"start":{"line":30,"column":11},"end":{"line":41,"column":5}},"type":"if","locations":[{"start":{"line":30,"column":11},"end":{"line":41,"column":5}},{"start":{},"end":{}}]},"4":{"loc":{"start":{"line":33,"column":8},"end":{"line":39,"column":9}},"type":"if","locations":[{"start":{"line":33,"column":8},"end":{"line":39,"column":9}},{"start":{},"end":{}}]},"5":{"loc":{"start":{"line":34,"column":10},"end":{"line":35,"column":77}},"type":"binary-expr","locations":[{"start":{"line":34,"column":10},"end":{"line":34,"column":30}},{"start":{"line":35,"column":11},"end":{"line":35,"column":40}},{"start":{"line":35,"column":44},"end":{"line":35,"column":76}}]}},"s":{"0":2,"1":2,"2":2,"3":2,"4":19,"5":19,"6":128,"7":128,"8":23,"9":105,"10":17,"11":17,"12":51,"13":51,"14":9,"15":9,"16":19,"17":2},"f":{"0":19},"b":{"0":[23,105],"1":[128,106],"2":[23,9],"3":[17,88],"4":[9,42],"5":[51,42,13]}}
,"/Volumes/Trevor/Users/billy/Documents/TheWayward/framerMotion/motion-3d/src/render/utils/set-value.ts": {"path":"/Volumes/Trevor/Users/billy/Documents/TheWayward/framerMotion/motion-3d/src/render/utils/set-value.ts","statementMap":{"0":{"start":{"line":57,"column":0},"end":{"line":57,"column":16}},"1":{"start":{"line":2,"column":0},"end":{"line":2,"column":45}},"2":{"start":{"line":5,"column":4},"end":{"line":13,"column":5}},"3":{"start":{"line":6,"column":4},"end":{"line":13,"column":5}},"4":{"start":{"line":7,"column":4},"end":{"line":13,"column":5}},"5":{"start":{"line":8,"column":8},"end":{"line":10,"column":9}},"6":{"start":{"line":9,"column":12},"end":{"line":9,"column":null}},"7":{"start":{"line":11,"column":23},"end":{"line":11,"column":48}},"8":{"start":{"line":12,"column":8},"end":{"line":12,"column":null}},"9":{"start":{"line":16,"column":4},"end":{"line":24,"column":5}},"10":{"start":{"line":17,"column":4},"end":{"line":24,"column":5}},"11":{"start":{"line":18,"column":4},"end":{"line":24,"column":5}},"12":{"start":{"line":19,"column":8},"end":{"line":21,"column":9}},"13":{"start":{"line":20,"column":13},"end":{"line":20,"column":null}},"14":{"start":{"line":22,"column":23},"end":{"line":22,"column":54}},"15":{"start":{"line":23,"column":9},"end":{"line":23,"column":null}},"16":{"start":{"line":27,"column":4},"end":{"line":32,"column":5}},"17":{"start":{"line":27,"column":22},"end":{"line":32,"column":5}},"18":{"start":{"line":28,"column":8},"end":{"line":30,"column":9}},"19":{"start":{"line":29,"column":13},"end":{"line":29,"column":null}},"20":{"start":{"line":31,"column":9},"end":{"line":31,"column":null}},"21":{"start":{"line":34,"column":17},"end":{"line":34,"column":38}},"22":{"start":{"line":35,"column":20},"end":{"line":35,"column":44}},"23":{"start":{"line":36,"column":20},"end":{"line":36,"column":43}},"24":{"start":{"line":38,"column":78},"end":{"line":55,"column":null}},"25":{"start":{"line":44,"column":22},"end":{"line":44,"column":47}},"26":{"start":{"line":45,"column":8},"end":{"line":45,"column":null}},"27":{"start":{"line":62,"column":19},"end":{"line":62,"column":31}},"28":{"start":{"line":63,"column":4},"end":{"line":71,"column":5}},"29":{"start":{"line":64,"column":8},"end":{"line":64,"column":null}},"30":{"start":{"line":66,"column":8},"end":{"line":68,"column":9}},"31":{"start":{"line":67,"column":12},"end":{"line":67,"column":null}},"32":{"start":{"line":70,"column":8},"end":{"line":70,"column":null}}},"fnMap":{"0":{"name":"(anonymous_0)","decl":{"start":{"line":5,"column":4},"end":{"line":5,"column":5}},"loc":{"start":{"line":6,"column":4},"end":{"line":13,"column":5}}},"1":{"name":"(anonymous_1)","decl":{"start":{"line":6,"column":4},"end":{"line":6,"column":5}},"loc":{"start":{"line":7,"column":4},"end":{"line":13,"column":5}}},"2":{"name":"(anonymous_2)","decl":{"start":{"line":7,"column":4},"end":{"line":7,"column":5}},"loc":{"start":{"line":7,"column":46},"end":{"line":13,"column":5}}},"3":{"name":"(anonymous_3)","decl":{"start":{"line":16,"column":4},"end":{"line":16,"column":5}},"loc":{"start":{"line":17,"column":4},"end":{"line":24,"column":5}}},"4":{"name":"(anonymous_4)","decl":{"start":{"line":17,"column":4},"end":{"line":17,"column":5}},"loc":{"start":{"line":18,"column":4},"end":{"line":24,"column":5}}},"5":{"name":"(anonymous_5)","decl":{"start":{"line":18,"column":4},"end":{"line":18,"column":5}},"loc":{"start":{"line":18,"column":46},"end":{"line":24,"column":5}}},"6":{"name":"(anonymous_6)","decl":{"start":{"line":27,"column":4},"end":{"line":27,"column":5}},"loc":{"start":{"line":27,"column":22},"end":{"line":32,"column":5}}},"7":{"name":"(anonymous_7)","decl":{"start":{"line":27,"column":22},"end":{"line":27,"column":23}},"loc":{"start":{"line":27,"column":64},"end":{"line":32,"column":5}}},"8":{"name":"(anonymous_8)","decl":{"start":{"line":42,"column":11},"end":{"line":42,"column":12}},"loc":{"start":{"line":42,"column":53},"end":{"line":46,"column":5}}},"9":{"name":"setThreeValue","decl":{"start":{"line":57,"column":16},"end":{"line":57,"column":29}},"loc":{"start":{"line":60,"column":28},"end":{"line":72,"column":1}}}},"branchMap":{"0":{"loc":{"start":{"line":8,"column":8},"end":{"line":10,"column":9}},"type":"if","locations":[{"start":{"line":8,"column":8},"end":{"line":10,"column":9}},{"start":{},"end":{}}]},"1":{"loc":{"start":{"line":19,"column":8},"end":{"line":21,"column":9}},"type":"if","locations":[{"start":{"line":19,"column":8},"end":{"line":21,"column":9}},{"start":{},"end":{}}]},"2":{"loc":{"start":{"line":28,"column":8},"end":{"line":30,"column":9}},"type":"if","locations":[{"start":{"line":28,"column":8},"end":{"line":30,"column":9}},{"start":{},"end":{}}]},"3":{"loc":{"start":{"line":63,"column":4},"end":{"line":71,"column":5}},"type":"if","locations":[{"start":{"line":63,"column":4},"end":{"line":71,"column":5}},{"start":{"line":65,"column":11},"end":{"line":71,"column":5}}]},"4":{"loc":{"start":{"line":66,"column":8},"end":{"line":68,"column":9}},"type":"if","locations":[{"start":{"line":66,"column":8},"end":{"line":68,"column":9}},{"start":{},"end":{}}]},"5":{"loc":{"start":{"line":66,"column":12},"end":{"line":66,"column":54}},"type":"binary-expr","locations":[{"start":{"line":66,"column":12},"end":{"line":66,"column":29}},{"start":{"line":66,"column":33},"end":{"line":66,"column":54}}]}},"s":{"0":1,"1":1,"2":1,"3":2,"4":6,"5":0,"6":0,"7":0,"8":0,"9":1,"10":1,"11":3,"12":0,"13":0,"14":0,"15":0,"16":1,"17":2,"18":0,"19":0,"20":0,"21":1,"22":1,"23":1,"24":1,"25":0,"26":0,"27":0,"28":0,"29":0,"30":0,"31":0,"32":0},"f":{"0":2,"1":6,"2":0,"3":1,"4":3,"5":0,"6":2,"7":0,"8":0,"9":0},"b":{"0":[0,0],"1":[0,0],"2":[0,0],"3":[0,0],"4":[0,0],"5":[0,0]}}
,"/Volumes/Trevor/Users/billy/Documents/TheWayward/framerMotion/motion-3d/src/utils/use-time.ts": {"path":"/Volumes/Trevor/Users/billy/Documents/TheWayward/framerMotion/motion-3d/src/utils/use-time.ts","statementMap":{"0":{"start":{"line":5,"column":0},"end":{"line":5,"column":16}},"1":{"start":{"line":1,"column":0},"end":{"line":1,"column":46}},"2":{"start":{"line":2,"column":0},"end":{"line":2,"column":67}},"3":{"start":{"line":3,"column":0},"end":{"line":3,"column":35}},"4":{"start":{"line":6,"column":15},"end":{"line":6,"column":32}},"5":{"start":{"line":7,"column":23},"end":{"line":7,"column":54}},"6":{"start":{"line":9,"column":2},"end":{"line":9,"column":75}},"7":{"start":{"line":9,"column":35},"end":{"line":9,"column":73}},"8":{"start":{"line":11,"column":2},"end":{"line":11,"column":14}}},"fnMap":{"0":{"name":"useTime","decl":{"start":{"line":5,"column":16},"end":{"line":5,"column":23}},"loc":{"start":{"line":5,"column":23},"end":{"line":12,"column":1}}},"1":{"name":"(anonymous_1)","decl":{"start":{"line":9,"column":24},"end":{"line":9,"column":25}},"loc":{"start":{"line":9,"column":35},"end":{"line":9,"column":73}}}},"branchMap":{"0":{"loc":{"start":{"line":9,"column":2},"end":{"line":9,"column":74}},"type":"binary-expr","locations":[{"start":{"line":9,"column":2},"end":{"line":9,"column":11}},{"start":{"line":9,"column":15},"end":{"line":9,"column":74}}]}},"s":{"0":0,"1":0,"2":0,"3":0,"4":0,"5":0,"6":0,"7":0,"8":0},"f":{"0":0,"1":0},"b":{"0":[0,0]}}
}
