TN:
SF:src/index.ts
FN:3,(anonymous_0)
FN:4,(anonymous_1)
FN:5,(anonymous_2)
FN:6,(anonymous_3)
FN:7,(anonymous_4)
FNF:5
FNH:0
FNDA:0,(anonymous_0)
FNDA:0,(anonymous_1)
FNDA:0,(anonymous_2)
FNDA:0,(anonymous_3)
FNDA:0,(anonymous_4)
DA:3,0
DA:4,0
DA:5,0
DA:6,0
DA:7,0
LF:5
LH:0
BRF:0
BRH:0
end_of_record
TN:
SF:src/components/LayoutCamera.tsx
FN:20,(anonymous_0)
FN:23,(anonymous_1)
FNF:2
FNH:0
FNDA:0,(anonymous_0)
FNDA:0,(anonymous_1)
DA:1,0
DA:3,0
DA:4,0
DA:6,0
DA:7,0
DA:9,0
DA:11,0
DA:20,0
DA:21,0
DA:24,0
DA:26,0
DA:27,0
DA:28,0
DA:33,0
LF:14
LH:0
BRDA:26,0,0,0
BRDA:26,0,1,0
BRDA:26,1,0,0
BRDA:26,1,1,0
BRF:4
BRH:0
end_of_record
TN:
SF:src/components/LayoutOrthographicCamera.tsx
FN:18,(anonymous_0)
FN:21,(anonymous_1)
FNF:2
FNH:0
FNDA:0,(anonymous_0)
FNDA:0,(anonymous_1)
DA:1,0
DA:3,0
DA:4,0
DA:5,0
DA:7,0
DA:9,0
DA:11,0
DA:17,0
DA:19,0
DA:22,0
DA:24,0
DA:25,0
DA:26,0
DA:27,0
DA:28,0
DA:29,0
DA:34,0
LF:17
LH:0
BRDA:24,0,0,0
BRDA:24,0,1,0
BRF:2
BRH:0
end_of_record
TN:
SF:src/components/MotionCanvas.tsx
FN:43,(anonymous_0)
FN:56,Block
FN:57,(anonymous_2)
FN:58,(anonymous_3)
FN:59,(anonymous_4)
FN:64,(anonymous_5)
FN:70,(anonymous_6)
FN:73,(anonymous_7)
FN:69,(anonymous_8)
FN:78,CanvasComponent
FN:109,(anonymous_10)
FN:134,(anonymous_11)
FN:147,(anonymous_12)
FN:170,(anonymous_13)
FNF:14
FNH:0
FNDA:0,(anonymous_0)
FNDA:0,Block
FNDA:0,(anonymous_2)
FNDA:0,(anonymous_3)
FNDA:0,(anonymous_4)
FNDA:0,(anonymous_5)
FNDA:0,(anonymous_6)
FNDA:0,(anonymous_7)
FNDA:0,(anonymous_8)
FNDA:0,CanvasComponent
FNDA:0,(anonymous_10)
FNDA:0,(anonymous_11)
FNDA:0,(anonymous_12)
FNDA:0,(anonymous_13)
DA:1,0
DA:2,0
DA:3,0
DA:10,0
DA:11,0
DA:20,0
DA:41,0
DA:43,0
DA:44,0
DA:57,0
DA:58,0
DA:59,0
DA:61,0
DA:68,0
DA:69,0
DA:71,0
DA:74,0
DA:86,0
DA:87,0
DA:97,0
DA:98,0
DA:99,0
DA:101,0
DA:102,0
DA:105,0
DA:107,0
DA:109,0
DA:110,0
DA:111,0
DA:117,0
DA:121,0
DA:123,0
DA:124,0
DA:125,0
DA:128,0
DA:130,0
DA:132,0
DA:134,0
DA:135,0
DA:136,0
DA:137,0
DA:140,0
DA:148,0
DA:170,0
DA:171,0
DA:172,0
DA:177,0
DA:201,0
LF:48
LH:0
BRDA:41,0,0,0
BRDA:41,0,1,0
BRDA:44,1,0,0
BRDA:44,1,1,0
BRDA:46,2,0,0
BRDA:46,2,1,0
BRDA:74,3,0,0
BRDA:74,3,1,0
BRDA:128,4,0,0
BRDA:128,4,1,0
BRDA:130,5,0,0
BRDA:130,5,1,0
BRDA:135,6,0,0
BRDA:135,6,1,0
BRDA:135,7,0,0
BRDA:135,7,1,0
BRDA:135,7,2,0
BRDA:136,8,0,0
BRDA:136,8,1,0
BRDA:143,9,0,0
BRDA:143,9,1,0
BRDA:145,10,0,0
BRDA:145,10,1,0
BRDA:171,11,0,0
BRDA:171,11,1,0
BRF:25
BRH:0
end_of_record
TN:
SF:src/components/MotionCanvasContext.ts
FNF:0
FNH:0
DA:1,0
DA:17,0
LF:2
LH:0
BRF:0
BRH:0
end_of_record
TN:
SF:src/components/use-layout-camera.ts
FN:9,(anonymous_0)
FN:16,useLayoutCamera
FN:28,(anonymous_2)
FN:29,(anonymous_3)
FN:30,(anonymous_4)
FN:31,(anonymous_5)
FN:32,(anonymous_6)
FN:36,(anonymous_7)
FN:50,(anonymous_8)
FN:59,(anonymous_9)
FN:86,(anonymous_10)
FN:90,(anonymous_11)
FN:103,(anonymous_12)
FN:111,(anonymous_13)
FN:116,(anonymous_14)
FN:117,(anonymous_15)
FN:117,(anonymous_16)
FNF:17
FNH:0
FNDA:0,(anonymous_0)
FNDA:0,useLayoutCamera
FNDA:0,(anonymous_2)
FNDA:0,(anonymous_3)
FNDA:0,(anonymous_4)
FNDA:0,(anonymous_5)
FNDA:0,(anonymous_6)
FNDA:0,(anonymous_7)
FNDA:0,(anonymous_8)
FNDA:0,(anonymous_9)
FNDA:0,(anonymous_10)
FNDA:0,(anonymous_11)
FNDA:0,(anonymous_12)
FNDA:0,(anonymous_13)
FNDA:0,(anonymous_14)
FNDA:0,(anonymous_15)
FNDA:0,(anonymous_16)
DA:2,0
DA:3,0
DA:5,0
DA:6,0
DA:7,0
DA:9,0
DA:16,0
DA:20,0
DA:21,0
DA:26,0
DA:28,0
DA:29,0
DA:30,0
DA:31,0
DA:32,0
DA:33,0
DA:34,0
DA:36,0
DA:37,0
DA:38,0
DA:39,0
DA:41,0
DA:42,0
DA:48,0
DA:50,0
DA:57,0
DA:60,0
DA:62,0
DA:63,0
DA:65,0
DA:66,0
DA:67,0
DA:68,0
DA:70,0
DA:75,0
DA:76,0
DA:84,0
DA:87,0
DA:89,0
DA:90,0
DA:91,0
DA:92,0
DA:94,0
DA:96,0
DA:97,0
DA:103,0
DA:104,0
DA:105,0
DA:106,0
DA:111,0
DA:112,0
DA:114,0
DA:115,0
DA:116,0
DA:117,0
DA:121,0
LF:56
LH:0
BRDA:17,0,0,0
BRDA:41,1,0,0
BRDA:41,1,1,0
BRDA:41,2,0,0
BRDA:41,2,1,0
BRDA:42,3,0,0
BRDA:42,3,1,0
BRDA:87,4,0,0
BRDA:87,4,1,0
BRDA:89,5,0,0
BRDA:89,5,1,0
BRDA:114,6,0,0
BRDA:114,6,1,0
BRDA:114,7,0,0
BRDA:114,7,1,0
BRF:15
BRH:0
end_of_record
TN:
SF:src/render/create-visual-element.ts
FN:17,(anonymous_0)
FN:19,(anonymous_1)
FN:26,(anonymous_2)
FN:30,(anonymous_3)
FN:34,(anonymous_4)
FN:41,(anonymous_5)
FN:50,(anonymous_6)
FN:52,(anonymous_7)
FN:56,(anonymous_8)
FN:60,(anonymous_9)
FN:66,(anonymous_10)
FN:76,(anonymous_11)
FNF:12
FNH:4
FNDA:6,(anonymous_0)
FNDA:6,(anonymous_1)
FNDA:0,(anonymous_2)
FNDA:0,(anonymous_3)
FNDA:0,(anonymous_4)
FNDA:0,(anonymous_5)
FNDA:0,(anonymous_6)
FNDA:0,(anonymous_7)
FNDA:12,(anonymous_8)
FNDA:0,(anonymous_9)
FNDA:0,(anonymous_10)
FNDA:6,(anonymous_11)
DA:7,1
DA:13,1
DA:14,1
DA:15,1
DA:17,6
DA:19,1
DA:24,6
DA:27,0
DA:31,0
DA:38,0
DA:43,0
DA:44,0
DA:47,0
DA:53,0
DA:57,12
DA:61,0
DA:62,0
DA:70,0
DA:71,0
DA:76,1
DA:77,6
LF:21
LH:10
BRF:0
BRH:0
end_of_record
TN:
SF:src/render/motion.ts
FN:17,custom
FN:18,(anonymous_1)
FN:58,(anonymous_2)
FNF:3
FNH:3
FNDA:2,custom
FNDA:6,(anonymous_1)
FNDA:8,(anonymous_2)
DA:1,1
DA:2,1
DA:4,1
DA:9,1
DA:10,1
DA:12,1
DA:18,2
DA:19,6
DA:20,6
DA:21,6
DA:23,6
DA:24,6
DA:33,6
DA:36,6
DA:37,6
DA:40,6
DA:51,2
DA:53,2
DA:56,1
DA:57,1
DA:59,8
DA:60,8
LF:22
LH:22
BRDA:23,0,0,6
BRDA:23,0,1,0
BRDA:26,1,0,0
BRDA:26,1,1,6
BRDA:26,2,0,6
BRDA:26,2,1,6
BRDA:36,3,0,6
BRDA:36,3,1,0
BRDA:59,4,0,8
BRDA:59,4,1,2
BRF:10
BRH:7
end_of_record
TN:
SF:src/render/use-render.ts
FN:10,(anonymous_0)
FN:36,useVisualProps
FN:37,(anonymous_2)
FNF:3
FNH:3
FNDA:6,(anonymous_0)
FNDA:6,useVisualProps
FNDA:6,(anonymous_2)
DA:1,1
DA:3,1
DA:5,1
DA:6,1
DA:10,1
DA:19,6
DA:26,6
DA:37,6
DA:38,6
DA:40,6
DA:41,40
DA:43,40
DA:44,6
DA:45,34
DA:46,0
DA:50,6
LF:16
LH:15
BRDA:43,0,0,6
BRDA:43,0,1,34
BRDA:45,1,0,0
BRDA:45,1,1,34
BRDA:45,2,0,34
BRDA:45,2,1,5
BRF:6
BRH:5
end_of_record
TN:
SF:src/render/gestures/use-hover.ts
FN:7,useHover
FN:23,(anonymous_1)
FN:27,(anonymous_2)
FNF:3
FNH:1
FNDA:6,useHover
FNDA:0,(anonymous_1)
FNDA:0,(anonymous_2)
DA:7,1
DA:18,6
DA:20,6
DA:22,0
DA:24,0
DA:25,0
DA:28,0
DA:29,0
LF:8
LH:3
BRDA:18,0,0,6
BRDA:18,0,1,6
BRDA:18,0,2,6
BRDA:20,1,0,6
BRDA:20,1,1,0
BRDA:20,2,0,6
BRDA:20,2,1,6
BRDA:20,2,2,6
BRDA:24,3,0,0
BRDA:24,3,1,0
BRDA:24,4,0,0
BRDA:24,4,1,0
BRDA:25,5,0,0
BRDA:25,5,1,0
BRDA:28,6,0,0
BRDA:28,6,1,0
BRDA:28,7,0,0
BRDA:28,7,1,0
BRDA:29,8,0,0
BRDA:29,8,1,0
BRF:20
BRH:7
end_of_record
TN:
SF:src/render/gestures/use-tap.ts
FN:14,useTap
FN:31,removePointerEndListener
FN:36,checkPointerEnd
FN:43,onPointerUp
FN:53,onPointerCancel
FN:60,(anonymous_5)
FNF:6
FNH:1
FNDA:6,useTap
FNDA:0,removePointerEndListener
FNDA:0,checkPointerEnd
FNDA:0,onPointerUp
FNDA:0,onPointerCancel
FNDA:0,(anonymous_5)
DA:2,1
DA:3,1
DA:14,1
DA:25,6
DA:26,6
DA:27,6
DA:29,6
DA:32,0
DA:33,0
DA:37,0
DA:38,0
DA:39,0
DA:40,0
DA:44,0
DA:50,0
DA:54,0
DA:56,0
DA:59,0
DA:61,0
DA:62,0
DA:63,0
DA:68,0
DA:72,0
DA:77,0
DA:79,0
DA:81,0
LF:26
LH:7
BRDA:25,0,0,6
BRDA:25,0,1,6
BRDA:25,0,2,6
BRDA:25,0,3,6
BRDA:29,1,0,6
BRDA:29,1,1,0
BRDA:29,2,0,6
BRDA:29,2,1,6
BRDA:29,2,2,6
BRDA:32,3,0,0
BRDA:32,3,1,0
BRDA:32,4,0,0
BRDA:32,4,1,0
BRDA:39,5,0,0
BRDA:39,5,1,0
BRDA:39,6,0,0
BRDA:39,6,1,0
BRDA:44,7,0,0
BRDA:44,7,1,0
BRDA:50,8,0,0
BRDA:50,8,1,0
BRDA:50,9,0,0
BRDA:50,9,1,0
BRDA:54,10,0,0
BRDA:54,10,1,0
BRDA:56,11,0,0
BRDA:56,11,1,0
BRDA:56,12,0,0
BRDA:56,12,1,0
BRDA:62,13,0,0
BRDA:62,13,1,0
BRDA:69,14,0,0
BRDA:69,14,1,0
BRDA:69,14,2,0
BRDA:69,14,3,0
BRDA:77,15,0,0
BRDA:77,15,1,0
BRDA:77,16,0,0
BRDA:77,16,1,0
BRDA:79,17,0,0
BRDA:79,17,1,0
BRDA:79,18,0,0
BRDA:79,18,1,0
BRDA:81,19,0,0
BRDA:81,19,1,0
BRDA:81,20,0,0
BRDA:81,20,1,0
BRF:47
BRH:8
end_of_record
TN:
SF:src/render/utils/read-value.ts
FN:5,(anonymous_0)
FN:6,(anonymous_1)
FN:7,(anonymous_2)
FN:29,readAnimatableValue
FN:39,readThreeValue
FNF:5
FNH:2
FNDA:3,(anonymous_0)
FNDA:10,(anonymous_1)
FNDA:0,(anonymous_2)
FNDA:0,readAnimatableValue
FNDA:0,readThreeValue
DA:2,1
DA:5,1
DA:6,3
DA:7,10
DA:8,0
DA:9,0
DA:12,1
DA:13,1
DA:14,1
DA:16,1
DA:30,0
DA:31,0
DA:32,0
DA:33,0
DA:35,0
DA:39,1
DA:40,0
DA:41,0
LF:18
LH:9
BRDA:9,0,0,0
BRDA:9,0,1,0
BRDA:30,1,0,0
BRDA:30,1,1,0
BRDA:32,2,0,0
BRDA:32,2,1,0
BRDA:41,3,0,0
BRDA:41,3,1,0
BRDA:43,4,0,0
BRDA:43,4,1,0
BRF:10
BRH:0
end_of_record
TN:
SF:src/render/utils/scrape-motion-value.ts
FN:19,(anonymous_0)
FNF:1
FNH:1
FNDA:19,(anonymous_0)
DA:1,2
DA:5,2
DA:7,2
DA:19,2
DA:23,19
DA:25,19
DA:26,128
DA:28,128
DA:29,23
DA:30,105
DA:31,17
DA:32,51
DA:33,51
DA:37,9
DA:38,9
DA:44,19
LF:16
LH:16
BRDA:28,0,0,23
BRDA:28,0,1,105
BRDA:28,1,0,128
BRDA:28,1,1,106
BRDA:29,2,0,23
BRDA:29,2,1,9
BRDA:30,3,0,17
BRDA:30,3,1,88
BRDA:33,4,0,9
BRDA:33,4,1,42
BRDA:34,5,0,51
BRDA:34,5,1,42
BRDA:34,5,2,13
BRF:13
BRH:13
end_of_record
TN:
SF:src/render/utils/set-value.ts
FN:5,(anonymous_0)
FN:6,(anonymous_1)
FN:7,(anonymous_2)
FN:16,(anonymous_3)
FN:17,(anonymous_4)
FN:18,(anonymous_5)
FN:27,(anonymous_6)
FN:27,(anonymous_7)
FN:42,(anonymous_8)
FN:57,setThreeValue
FNF:10
FNH:5
FNDA:2,(anonymous_0)
FNDA:6,(anonymous_1)
FNDA:0,(anonymous_2)
FNDA:1,(anonymous_3)
FNDA:3,(anonymous_4)
FNDA:0,(anonymous_5)
FNDA:2,(anonymous_6)
FNDA:0,(anonymous_7)
FNDA:0,(anonymous_8)
FNDA:0,setThreeValue
DA:2,1
DA:5,1
DA:6,2
DA:7,6
DA:8,0
DA:9,0
DA:11,0
DA:12,0
DA:16,1
DA:17,1
DA:18,3
DA:19,0
DA:20,0
DA:22,0
DA:23,0
DA:27,2
DA:28,0
DA:29,0
DA:31,0
DA:34,1
DA:35,1
DA:36,1
DA:38,1
DA:44,0
DA:45,0
DA:57,1
DA:62,0
DA:63,0
DA:64,0
DA:66,0
DA:67,0
DA:70,0
LF:32
LH:13
BRDA:8,0,0,0
BRDA:8,0,1,0
BRDA:19,1,0,0
BRDA:19,1,1,0
BRDA:28,2,0,0
BRDA:28,2,1,0
BRDA:63,3,0,0
BRDA:63,3,1,0
BRDA:66,4,0,0
BRDA:66,4,1,0
BRDA:66,5,0,0
BRDA:66,5,1,0
BRF:12
BRH:0
end_of_record
TN:
SF:src/utils/use-time.ts
FN:5,useTime
FN:9,(anonymous_1)
FNF:2
FNH:0
FNDA:0,useTime
FNDA:0,(anonymous_1)
DA:1,0
DA:2,0
DA:3,0
DA:5,0
DA:6,0
DA:7,0
DA:9,0
DA:11,0
LF:8
LH:0
BRDA:9,0,0,0
BRDA:9,0,1,0
BRF:2
BRH:0
end_of_record
